This is pdfTeX, Version 3.1415926-2.4-1.40.13 (MiKTeX 2.9 64-bit) (preloaded format=pdflatex 2014.3.3)  20 MAR 2014 16:58
entering extended mode
**frequency_analysis.tex

(D:\GitHub\rotateShift_analysis\resources\frequency_article\frequency_analysis.
tex
LaTeX2e <2011/06/27>
Babel <v3.8m> and hyphenation patterns for english, afrikaans, ancientgreek, ar
abic, armenian, assamese, basque, bengali, bokmal, bulgarian, catalan, coptic, 
croatian, czech, danish, dutch, esperanto, estonian, farsi, finnish, french, ga
lician, german, german-x-2012-05-30, greek, gujarati, hindi, hungarian, iceland
ic, indonesian, interlingua, irish, italian, kannada, kurmanji, latin, latvian,
 lithuanian, malayalam, marathi, mongolian, mongolianlmc, monogreek, ngerman, n
german-x-2012-05-30, nynorsk, oriya, panjabi, pinyin, polish, portuguese, roman
ian, russian, sanskrit, serbian, slovak, slovenian, spanish, swedish, swissgerm
an, tamil, telugu, turkish, turkmen, ukenglish, ukrainian, uppersorbian, usengl
ishmax, welsh, loaded.
(G:\Tools\MikTex\tex\latex\base\article.cls
Document Class: article 2007/10/19 v1.4h Standard LaTeX document class
(G:\Tools\MikTex\tex\latex\base\size10.clo
File: size10.clo 2007/10/19 v1.4h Standard LaTeX file (size option)
)
\c@part=\count79
\c@section=\count80
\c@subsection=\count81
\c@subsubsection=\count82
\c@paragraph=\count83
\c@subparagraph=\count84
\c@figure=\count85
\c@table=\count86
\abovecaptionskip=\skip41
\belowcaptionskip=\skip42
\bibindent=\dimen102
)
(G:\Tools\MikTex\tex\latex\graphics\graphicx.sty
Package: graphicx 1999/02/16 v1.0f Enhanced LaTeX Graphics (DPC,SPQR)

(G:\Tools\MikTex\tex\latex\graphics\keyval.sty
Package: keyval 1999/03/16 v1.13 key=value parser (DPC)
\KV@toks@=\toks14
)
(G:\Tools\MikTex\tex\latex\graphics\graphics.sty
Package: graphics 2009/02/05 v1.0o Standard LaTeX Graphics (DPC,SPQR)

(G:\Tools\MikTex\tex\latex\graphics\trig.sty
Package: trig 1999/03/16 v1.09 sin cos tan (DPC)
)
(G:\Tools\MikTex\tex\latex\00miktex\graphics.cfg
File: graphics.cfg 2007/01/18 v1.5 graphics configuration of teTeX/TeXLive
)
Package graphics Info: Driver file: pdftex.def on input line 91.

(G:\Tools\MikTex\tex\latex\pdftex-def\pdftex.def
File: pdftex.def 2011/05/27 v0.06d Graphics/color for pdfTeX

(G:\Tools\MikTex\tex\generic\oberdiek\infwarerr.sty
Package: infwarerr 2010/04/08 v1.3 Providing info/warning/error messages (HO)
)
(G:\Tools\MikTex\tex\generic\oberdiek\ltxcmds.sty
Package: ltxcmds 2011/11/09 v1.22 LaTeX kernel commands for general use (HO)
)
\Gread@gobject=\count87
))
\Gin@req@height=\dimen103
\Gin@req@width=\dimen104
)
(G:\Tools\MikTex\tex\latex\subfigure\subfigure.sty
Package: subfigure 2002/07/30 v2.1.4 subfigure package
\subfigtopskip=\skip43
\subfigcapskip=\skip44
\subfigcaptopadj=\dimen105
\subfigbottomskip=\skip45
\subfigcapmargin=\dimen106
\subfiglabelskip=\skip46
\c@subfigure=\count88
\c@lofdepth=\count89
\c@subtable=\count90
\c@lotdepth=\count91

****************************************
* Local config file subfigure.cfg used *
****************************************
(G:\Tools\MikTex\tex\latex\subfigure\subfigure.cfg)
\subfig@top=\skip47
\subfig@bottom=\skip48
)
(D:\GitHub\rotateShift_analysis\resources\frequency_article\frequency_analysis.
aux)
LaTeX Font Info:    Checking defaults for OML/cmm/m/it on input line 5.
LaTeX Font Info:    ... okay on input line 5.
LaTeX Font Info:    Checking defaults for T1/cmr/m/n on input line 5.
LaTeX Font Info:    ... okay on input line 5.
LaTeX Font Info:    Checking defaults for OT1/cmr/m/n on input line 5.
LaTeX Font Info:    ... okay on input line 5.
LaTeX Font Info:    Checking defaults for OMS/cmsy/m/n on input line 5.
LaTeX Font Info:    ... okay on input line 5.
LaTeX Font Info:    Checking defaults for OMX/cmex/m/n on input line 5.
LaTeX Font Info:    ... okay on input line 5.
LaTeX Font Info:    Checking defaults for U/cmr/m/n on input line 5.
LaTeX Font Info:    ... okay on input line 5.
 (G:\Tools\MikTex\tex\context\base\supp-pdf.mkii
[Loading MPS to PDF converter (version 2006.09.02).]
\scratchcounter=\count92
\scratchdimen=\dimen107
\scratchbox=\box26
\nofMPsegments=\count93
\nofMParguments=\count94
\everyMPshowfont=\toks15
\MPscratchCnt=\count95
\MPscratchDim=\dimen108
\MPnumerator=\count96
\makeMPintoPDFobject=\count97
\everyMPtoPDFconversion=\toks16
)
LaTeX Font Info:    External font `cmex10' loaded for size
(Font)              <7> on input line 9.
LaTeX Font Info:    External font `cmex10' loaded for size
(Font)              <5> on input line 9.
LaTeX Font Info:    Try loading font information for OMS+cmr on input line 13.
 (G:\Tools\MikTex\tex\latex\base\omscmr.fd
File: omscmr.fd 1999/05/25 v2.5h Standard LaTeX font definitions
)
LaTeX Font Info:    Font shape `OMS/cmr/m/n' in size <10> not available
(Font)              Font shape `OMS/cmsy/m/n' tried instead on input line 13.


pdfTeX warning: pdflatex.exe (file D:/GitHub/rotateShift_analysis/resources/fre
quency_article/frequency/pattern_no_mix_frequency_new.pdf): PDF inclusion: foun
d PDF version <1.7>, but at most version <1.5> allowed
<./frequency/pattern_no_mix_frequency_new.pdf, id=1, 549.13855pt x 289.08pt>
File: ./frequency/pattern_no_mix_frequency_new.pdf Graphic file (type pdf)

<use ./frequency/pattern_no_mix_frequency_new.pdf>
Package pdftex.def Info: ./frequency/pattern_no_mix_frequency_new.pdf used on i
nput line 26.
(pdftex.def)             Requested size: 329.48567pt x 173.44933pt.


pdfTeX warning: pdflatex.exe (file D:/GitHub/rotateShift_analysis/resources/fre
quency_article/frequency/portion_bar.pdf): PDF inclusion: found PDF version <1.
7>, but at most version <1.5> allowed
<./frequency/portion_bar.pdf, id=2, 563.64882pt x 289.08pt>
File: ./frequency/portion_bar.pdf Graphic file (type pdf)

<use ./frequency/portion_bar.pdf>
Package pdftex.def Info: ./frequency/portion_bar.pdf used on input line 35.
(pdftex.def)             Requested size: 225.45554pt x 115.62994pt.
 [1

{C:/ProgramData/MiKTeX/2.9/pdftex/config/pdftex.map} <D:/GitHub/rotateShift_ana
lysis/resources/frequency_article/frequency/pattern_no_mix_frequency_new.pdf>] 
[2 <D:/GitHub/rotateShift_analysis/resources/frequency_article/frequency/portio
n_bar.pdf>]
(D:\GitHub\rotateShift_analysis\resources\frequency_article\frequency_analysis.
aux) ) 
Here is how much of TeX's memory you used:
 1299 strings out of 493921
 17366 string characters out of 3152095
 68795 words of memory out of 3000000
 4631 multiletter control sequences out of 15000+200000
 5158 words of font info for 19 fonts, out of 3000000 for 9000
 841 hyphenation exceptions out of 8191
 27i,7n,24p,453b,212s stack positions out of 5000i,500n,10000p,200000b,50000s
<G:/Tools/MikTex/fonts/type1/public/amsfonts/cm/cmbx10.pfb><G:/Tools/MikT
ex/fonts/type1/public/amsfonts/cm/cmbx12.pfb><G:/Tools/MikTex/fonts/type1/publi
c/amsfonts/cm/cmmi7.pfb><G:/Tools/MikTex/fonts/type1/public/amsfonts/cm/cmr10.p
fb><G:/Tools/MikTex/fonts/type1/public/amsfonts/cm/cmsy10.pfb>
Output written on frequency_analysis.pdf (2 pages, 1107584 bytes).
PDF statistics:
 51 PDF objects out of 1000 (max. 8388607)
 0 named destinations out of 1000 (max. 500000)
 11 words of extra memory for PDF output out of 10000 (max. 10000000)

